-------------------------------------------------------------------------------
Test set: seleniumtest.LoginTest
-------------------------------------------------------------------------------
Tests run: 1, Failures: 1, Errors: 0, Skipped: 0, Time elapsed: 16.436 s <<< FAILURE! - in seleniumtest.LoginTest
Login on Login(seleniumtest.LoginTest)(seleniumtest.LoginTest)  Time elapsed: 16.062 s  <<< FAILURE!
java.lang.NullPointerException
	at seleniumtest.LoginTest.Login(LoginTest.java:64)

